{"/Users/ekaterinaivanova/frontend-project-46/src/index.js": {"path":"/Users/ekaterinaivanova/frontend-project-46/src/index.js","all":false,"statementMap":{"0":{"start":{"line":1,"column":0},"end":{"line":1,"column":34}},"1":{"start":{"line":2,"column":0},"end":{"line":2,"column":23}},"2":{"start":{"line":3,"column":0},"end":{"line":3,"column":24}},"3":{"start":{"line":4,"column":0},"end":{"line":4,"column":0}},"4":{"start":{"line":5,"column":0},"end":{"line":5,"column":35}},"5":{"start":{"line":6,"column":0},"end":{"line":6,"column":53}},"6":{"start":{"line":7,"column":0},"end":{"line":7,"column":36}},"7":{"start":{"line":8,"column":0},"end":{"line":8,"column":0}},"8":{"start":{"line":9,"column":0},"end":{"line":9,"column":42}},"9":{"start":{"line":10,"column":0},"end":{"line":10,"column":30}},"10":{"start":{"line":11,"column":0},"end":{"line":11,"column":30}},"11":{"start":{"line":12,"column":0},"end":{"line":12,"column":0}},"12":{"start":{"line":13,"column":0},"end":{"line":13,"column":52}},"13":{"start":{"line":14,"column":0},"end":{"line":14,"column":14}},"14":{"start":{"line":15,"column":0},"end":{"line":15,"column":24}},"15":{"start":{"line":16,"column":0},"end":{"line":16,"column":12}},"16":{"start":{"line":17,"column":0},"end":{"line":17,"column":15}},"17":{"start":{"line":18,"column":0},"end":{"line":18,"column":15}},"18":{"start":{"line":19,"column":0},"end":{"line":19,"column":8}},"19":{"start":{"line":20,"column":0},"end":{"line":20,"column":5}},"20":{"start":{"line":21,"column":0},"end":{"line":21,"column":29}},"21":{"start":{"line":22,"column":0},"end":{"line":22,"column":14}},"22":{"start":{"line":23,"column":0},"end":{"line":23,"column":24}},"23":{"start":{"line":24,"column":0},"end":{"line":24,"column":12}},"24":{"start":{"line":25,"column":0},"end":{"line":25,"column":15}},"25":{"start":{"line":26,"column":0},"end":{"line":26,"column":8}},"26":{"start":{"line":27,"column":0},"end":{"line":27,"column":5}},"27":{"start":{"line":28,"column":0},"end":{"line":28,"column":29}},"28":{"start":{"line":29,"column":0},"end":{"line":29,"column":14}},"29":{"start":{"line":30,"column":0},"end":{"line":30,"column":22}},"30":{"start":{"line":31,"column":0},"end":{"line":31,"column":12}},"31":{"start":{"line":32,"column":0},"end":{"line":32,"column":15}},"32":{"start":{"line":33,"column":0},"end":{"line":33,"column":8}},"33":{"start":{"line":34,"column":0},"end":{"line":34,"column":5}},"34":{"start":{"line":35,"column":0},"end":{"line":35,"column":12}},"35":{"start":{"line":36,"column":0},"end":{"line":36,"column":24}},"36":{"start":{"line":37,"column":0},"end":{"line":37,"column":10}},"37":{"start":{"line":38,"column":0},"end":{"line":38,"column":13}},"38":{"start":{"line":39,"column":0},"end":{"line":39,"column":6}},"39":{"start":{"line":40,"column":0},"end":{"line":40,"column":5}},"40":{"start":{"line":41,"column":0},"end":{"line":41,"column":16}},"41":{"start":{"line":42,"column":0},"end":{"line":42,"column":2}},"42":{"start":{"line":43,"column":0},"end":{"line":43,"column":0}},"43":{"start":{"line":44,"column":0},"end":{"line":44,"column":30}},"44":{"start":{"line":45,"column":0},"end":{"line":45,"column":40}},"45":{"start":{"line":46,"column":0},"end":{"line":46,"column":31}},"46":{"start":{"line":47,"column":0},"end":{"line":47,"column":23}},"47":{"start":{"line":48,"column":0},"end":{"line":48,"column":21}},"48":{"start":{"line":49,"column":0},"end":{"line":49,"column":47}},"49":{"start":{"line":50,"column":0},"end":{"line":50,"column":23}},"50":{"start":{"line":51,"column":0},"end":{"line":51,"column":47}},"51":{"start":{"line":52,"column":0},"end":{"line":52,"column":21}},"52":{"start":{"line":53,"column":0},"end":{"line":53,"column":80}},"53":{"start":{"line":54,"column":0},"end":{"line":54,"column":19}},"54":{"start":{"line":55,"column":0},"end":{"line":55,"column":47}},"55":{"start":{"line":56,"column":0},"end":{"line":56,"column":14}},"56":{"start":{"line":57,"column":0},"end":{"line":57,"column":20}},"57":{"start":{"line":58,"column":0},"end":{"line":58,"column":5}},"58":{"start":{"line":59,"column":0},"end":{"line":59,"column":5}},"59":{"start":{"line":60,"column":0},"end":{"line":60,"column":38}},"60":{"start":{"line":61,"column":0},"end":{"line":61,"column":2}},"61":{"start":{"line":62,"column":0},"end":{"line":62,"column":0}},"62":{"start":{"line":63,"column":0},"end":{"line":63,"column":92}},"63":{"start":{"line":64,"column":0},"end":{"line":64,"column":0}},"64":{"start":{"line":65,"column":0},"end":{"line":65,"column":80}},"65":{"start":{"line":66,"column":0},"end":{"line":66,"column":0}},"66":{"start":{"line":67,"column":0},"end":{"line":67,"column":66}},"67":{"start":{"line":68,"column":0},"end":{"line":68,"column":0}},"68":{"start":{"line":69,"column":0},"end":{"line":69,"column":43}},"69":{"start":{"line":70,"column":0},"end":{"line":70,"column":84}},"70":{"start":{"line":71,"column":0},"end":{"line":71,"column":16}},"71":{"start":{"line":72,"column":0},"end":{"line":72,"column":2}},"72":{"start":{"line":73,"column":0},"end":{"line":73,"column":0}},"73":{"start":{"line":74,"column":0},"end":{"line":74,"column":23}}},"s":{"0":1,"1":1,"2":1,"3":1,"4":1,"5":1,"6":1,"7":1,"8":1,"9":5,"10":5,"11":5,"12":5,"13":1,"14":1,"15":1,"16":1,"17":1,"18":1,"19":1,"20":5,"21":2,"22":2,"23":2,"24":2,"25":2,"26":2,"27":5,"28":1,"29":1,"30":1,"31":1,"32":1,"33":1,"34":1,"35":1,"36":1,"37":1,"38":1,"39":1,"40":1,"41":1,"42":1,"43":1,"44":1,"45":5,"46":5,"47":5,"48":2,"49":5,"50":1,"51":5,"52":1,"53":5,"54":1,"55":5,"56":0,"57":5,"58":1,"59":1,"60":1,"61":1,"62":1,"63":1,"64":1,"65":1,"66":1,"67":1,"68":1,"69":1,"70":1,"71":1,"72":1,"73":1},"branchMap":{"0":{"type":"branch","line":5,"loc":{"start":{"line":5,"column":16},"end":{"line":42,"column":2}},"locations":[{"start":{"line":5,"column":16},"end":{"line":42,"column":2}}]},"1":{"type":"branch","line":9,"loc":{"start":{"line":9,"column":33},"end":{"line":40,"column":3}},"locations":[{"start":{"line":9,"column":33},"end":{"line":40,"column":3}}]},"2":{"type":"branch","line":13,"loc":{"start":{"line":13,"column":15},"end":{"line":13,"column":25}},"locations":[{"start":{"line":13,"column":15},"end":{"line":13,"column":25}}]},"3":{"type":"branch","line":13,"loc":{"start":{"line":13,"column":25},"end":{"line":13,"column":49}},"locations":[{"start":{"line":13,"column":25},"end":{"line":13,"column":49}}]},"4":{"type":"branch","line":13,"loc":{"start":{"line":13,"column":51},"end":{"line":20,"column":5}},"locations":[{"start":{"line":13,"column":51},"end":{"line":20,"column":5}}]},"5":{"type":"branch","line":20,"loc":{"start":{"line":20,"column":4},"end":{"line":21,"column":28}},"locations":[{"start":{"line":20,"column":4},"end":{"line":21,"column":28}}]},"6":{"type":"branch","line":21,"loc":{"start":{"line":21,"column":28},"end":{"line":28,"column":28}},"locations":[{"start":{"line":21,"column":28},"end":{"line":28,"column":28}}]},"7":{"type":"branch","line":28,"loc":{"start":{"line":28,"column":28},"end":{"line":40,"column":3}},"locations":[{"start":{"line":28,"column":28},"end":{"line":40,"column":3}}]},"8":{"type":"branch","line":44,"loc":{"start":{"line":44,"column":17},"end":{"line":61,"column":2}},"locations":[{"start":{"line":44,"column":17},"end":{"line":61,"column":2}}]},"9":{"type":"branch","line":45,"loc":{"start":{"line":45,"column":30},"end":{"line":59,"column":3}},"locations":[{"start":{"line":45,"column":30},"end":{"line":59,"column":3}}]},"10":{"type":"branch","line":48,"loc":{"start":{"line":48,"column":6},"end":{"line":49,"column":47}},"locations":[{"start":{"line":48,"column":6},"end":{"line":49,"column":47}}]},"11":{"type":"branch","line":50,"loc":{"start":{"line":50,"column":6},"end":{"line":51,"column":47}},"locations":[{"start":{"line":50,"column":6},"end":{"line":51,"column":47}}]},"12":{"type":"branch","line":52,"loc":{"start":{"line":52,"column":6},"end":{"line":53,"column":80}},"locations":[{"start":{"line":52,"column":6},"end":{"line":53,"column":80}}]},"13":{"type":"branch","line":54,"loc":{"start":{"line":54,"column":6},"end":{"line":55,"column":47}},"locations":[{"start":{"line":54,"column":6},"end":{"line":55,"column":47}}]},"14":{"type":"branch","line":56,"loc":{"start":{"line":56,"column":6},"end":{"line":57,"column":20}},"locations":[{"start":{"line":56,"column":6},"end":{"line":57,"column":20}}]},"15":{"type":"branch","line":63,"loc":{"start":{"line":63,"column":25},"end":{"line":63,"column":91}},"locations":[{"start":{"line":63,"column":25},"end":{"line":63,"column":91}}]},"16":{"type":"branch","line":65,"loc":{"start":{"line":65,"column":18},"end":{"line":65,"column":79}},"locations":[{"start":{"line":65,"column":18},"end":{"line":65,"column":79}}]},"17":{"type":"branch","line":67,"loc":{"start":{"line":67,"column":22},"end":{"line":67,"column":65}},"locations":[{"start":{"line":67,"column":22},"end":{"line":67,"column":65}}]},"18":{"type":"branch","line":69,"loc":{"start":{"line":69,"column":16},"end":{"line":72,"column":2}},"locations":[{"start":{"line":69,"column":16},"end":{"line":72,"column":2}}]}},"b":{"0":[1],"1":[5],"2":[3],"3":[2],"4":[1],"5":[4],"6":[2],"7":[1],"8":[1],"9":[5],"10":[2],"11":[1],"12":[1],"13":[1],"14":[0],"15":[2],"16":[2],"17":[2],"18":[1]},"fnMap":{"0":{"name":"getInfo","decl":{"start":{"line":5,"column":16},"end":{"line":42,"column":2}},"loc":{"start":{"line":5,"column":16},"end":{"line":42,"column":2}},"line":5},"1":{"name":"getDiff","decl":{"start":{"line":44,"column":17},"end":{"line":61,"column":2}},"loc":{"start":{"line":44,"column":17},"end":{"line":61,"column":2}},"line":44},"2":{"name":"getAbsolutePath","decl":{"start":{"line":63,"column":25},"end":{"line":63,"column":91}},"loc":{"start":{"line":63,"column":25},"end":{"line":63,"column":91}},"line":63},"3":{"name":"readFile","decl":{"start":{"line":65,"column":18},"end":{"line":65,"column":79}},"loc":{"start":{"line":65,"column":18},"end":{"line":65,"column":79}},"line":65},"4":{"name":"getParseFile","decl":{"start":{"line":67,"column":22},"end":{"line":67,"column":65}},"loc":{"start":{"line":67,"column":22},"end":{"line":67,"column":65}},"line":67},"5":{"name":"genDiff","decl":{"start":{"line":69,"column":16},"end":{"line":72,"column":2}},"loc":{"start":{"line":69,"column":16},"end":{"line":72,"column":2}},"line":69}},"f":{"0":1,"1":1,"2":2,"3":2,"4":2,"5":1}}
}
