TN:
SF:src/index.js
FN:5,getInfo
FN:44,getDiff
FN:63,getAbsolutePath
FN:65,readFile
FN:67,getParseFile
FN:69,genDiff
FNF:6
FNH:6
FNDA:1,getInfo
FNDA:1,getDiff
FNDA:2,getAbsolutePath
FNDA:2,readFile
FNDA:2,getParseFile
FNDA:1,genDiff
DA:1,1
DA:2,1
DA:3,1
DA:4,1
DA:5,1
DA:6,1
DA:7,1
DA:8,1
DA:9,1
DA:10,5
DA:11,5
DA:12,5
DA:13,5
DA:14,1
DA:15,1
DA:16,1
DA:17,1
DA:18,1
DA:19,1
DA:20,1
DA:21,5
DA:22,2
DA:23,2
DA:24,2
DA:25,2
DA:26,2
DA:27,2
DA:28,5
DA:29,1
DA:30,1
DA:31,1
DA:32,1
DA:33,1
DA:34,1
DA:35,1
DA:36,1
DA:37,1
DA:38,1
DA:39,1
DA:40,1
DA:41,1
DA:42,1
DA:43,1
DA:44,1
DA:45,1
DA:46,5
DA:47,5
DA:48,5
DA:49,2
DA:50,5
DA:51,1
DA:52,5
DA:53,1
DA:54,5
DA:55,1
DA:56,5
DA:57,0
DA:58,5
DA:59,1
DA:60,1
DA:61,1
DA:62,1
DA:63,1
DA:64,1
DA:65,1
DA:66,1
DA:67,1
DA:68,1
DA:69,1
DA:70,1
DA:71,1
DA:72,1
DA:73,1
DA:74,1
LF:74
LH:73
BRDA:5,0,0,1
BRDA:9,1,0,5
BRDA:13,2,0,3
BRDA:13,3,0,2
BRDA:13,4,0,1
BRDA:20,5,0,4
BRDA:21,6,0,2
BRDA:28,7,0,1
BRDA:44,8,0,1
BRDA:45,9,0,5
BRDA:48,10,0,2
BRDA:50,11,0,1
BRDA:52,12,0,1
BRDA:54,13,0,1
BRDA:56,14,0,0
BRDA:63,15,0,2
BRDA:65,16,0,2
BRDA:67,17,0,2
BRDA:69,18,0,1
BRF:19
BRH:18
end_of_record
